<?xml version="1.0" encoding="UTF-8" ?>
<testsuite errors="0" failures="1" hostname="ip-0A013D63" name="com.intland.xunit.GatherComputerInfoTest" skipped="0" tests="4" time="0.131" timestamp="2025-12-11T09:49:12">
  <properties>
[...]
</properties>
  <testcase classname="com.intland.xunit.GatherComputerInfoTest" name="testIsSystemRecommended" time="0.009">
    <failure type="junit.framework.AssertionFailedError">junit.framework.AssertionFailedError
	at com.intland.xunit.GatherComputerInfoTest.testIsSystemRecommended(Unknown Source)
	at java.base/jdk.internal.reflect.NativeMethodAccessorImpl.invoke0(Native Method)
	at java.base/jdk.internal.reflect.NativeMethodAccessorImpl.invoke(NativeMethodAccessorImpl.java:77)
	at java.base/jdk.internal.reflect.DelegatingMethodAccessorImpl.invoke(DelegatingMethodAccessorImpl.java:43)
</failure>
  </testcase>
  <testcase classname="com.intland.xunit.GatherComputerInfoTest" name="testIsMaxMemGreaterThan100Mb" time="0.0" />
  <testcase classname="com.intland.xunit.GatherComputerInfoTest" name="testIsCpuCountOver2" time="0.001" />
  <testcase classname="com.intland.xunit.GatherComputerInfoTest" name="testThrowFalseError" time="0.0" />
  <system-out><![CDATA[]]></system-out>
  <system-err><![CDATA[]]></system-err>
</testsuite>
